        -:    0:Source:C:/Users/Aurelian/Documents/GitHub/OOP/a5-6-913-Iancu-Gheorghe-Aurelian/comparator.cpp
        -:    0:Graph:C:\Users\Aurelian\Documents\GitHub\OOP\a5-6-913-Iancu-Gheorghe-Aurelian\cmake-build-debug-coverage\CMakeFiles\a5_6_913_Iancu_Gheorghe_Aurelian.dir\comparator.cpp.gcno
        -:    0:Data:C:\Users\Aurelian\Documents\GitHub\OOP\a5-6-913-Iancu-Gheorghe-Aurelian\cmake-build-debug-coverage\CMakeFiles\a5_6_913_Iancu_Gheorghe_Aurelian.dir\comparator.cpp.gcda
        -:    0:Runs:1
        -:    1:#include "comparator.h"
        -:    2:
        -:    3:
function _ZN26ComparatorAscendingByLikes7compareE5MovieS0_ called 4 returned 100% blocks executed 100%
        4:    4:bool ComparatorAscendingByLikes::compare(Movie first, Movie second) {
        4:    5:    if (first.getNumberOfLikes()>second.getNumberOfLikes())
        4:    5-block  0
call    0 returned 4
call    1 returned 4
branch  2 taken 2 (fallthrough)
branch  3 taken 2
        2:    6:        return false;
        2:    6-block  0
        2:    7:    return true;
        2:    7-block  0
        -:    8:}
        -:    9:
        -:   10:
        -:   11:
function _ZN26ComparatorAscendingByGenre7compareE5MovieS0_ called 4 returned 100% blocks executed 83%
        4:   12:bool ComparatorAscendingByGenre::compare(Movie first, Movie second) {
        4:   13:    if (first.getGenre()>second.getGenre())
        4:   13-block  0
call    0 returned 4
call    1 returned 4
branch  2 taken 4 (fallthrough)
branch  3 taken 0 (throw)
        4:   13-block  1
call    4 returned 4
call    5 returned 4
call    6 returned 4
branch  7 taken 2 (fallthrough)
branch  8 taken 2
    $$$$$:   13-block  2
call    9 never executed
        2:   14:        return false;
        2:   14-block  0
        2:   15:    return true;
        2:   15-block  0
        -:   16:}
        -:   17:
        -:   18:
