        -:    0:Source:C:/Users/Aurelian/Documents/GitHub/OOP/a5-6-913-Iancu-Gheorghe-Aurelian/main.cpp
        -:    0:Graph:C:\Users\Aurelian\Documents\GitHub\OOP\a5-6-913-Iancu-Gheorghe-Aurelian\cmake-build-debug-coverage\CMakeFiles\a5_6_913_Iancu_Gheorghe_Aurelian.dir\main.cpp.gcno
        -:    0:Data:C:\Users\Aurelian\Documents\GitHub\OOP\a5-6-913-Iancu-Gheorghe-Aurelian\cmake-build-debug-coverage\CMakeFiles\a5_6_913_Iancu_Gheorghe_Aurelian.dir\main.cpp.gcda
        -:    0:Runs:1
        -:    1:#include "repository.h"
        -:    2:#include "dynamicVector.h"
        -:    3:#include "service.h"
        -:    4:#include "ui.h"
        -:    5:#include "movie.h"
        -:    6:#include <iostream>
        -:    7:#include "tests.h"
        -:    8:
        -:    9:
function _Z5testsv called 1 returned 100% blocks executed 100%
        1:   10:void tests()
        -:   11:{
        -:   12:    Tests t;
        1:   13:    t.testsDomain();
        1:   13-block  0
call    0 returned 1
branch  1 taken 1 (fallthrough)
branch  2 taken 0 (throw)
        1:   14:    t.testsAdminRepository();
        1:   14-block  0
call    0 returned 1
branch  1 taken 1 (fallthrough)
branch  2 taken 0 (throw)
        1:   15:    t.testsAdminService();
        1:   15-block  0
call    0 returned 1
branch  1 taken 1 (fallthrough)
branch  2 taken 0 (throw)
        1:   16:    t.testsVector();
        1:   16-block  0
call    0 returned 1
branch  1 taken 1 (fallthrough)
branch  2 taken 0 (throw)
        1:   17:    t.testsUserRepository();
        1:   17-block  0
call    0 returned 1
branch  1 taken 1 (fallthrough)
branch  2 taken 0 (throw)
        1:   18:    t.testsUserService();
        1:   18-block  0
call    0 returned 1
branch  1 taken 1 (fallthrough)
branch  2 taken 0 (throw)
        1:   19:    t.testsSort();
        1:   19-block  0
call    0 returned 1
branch  1 taken 1 (fallthrough)
branch  2 taken 0 (throw)
        1:   20:    std::cout << "All tests passed successfully!\n";
        1:   20-block  0
call    0 returned 1
branch  1 taken 1 (fallthrough)
branch  2 taken 0 (throw)
        -:   21:
        1:   22:}
        1:   22-block  0
        -:   23:
function main called 1 returned 100% blocks executed 61%
        1:   24:int main()
        -:   25:{
        -:   26:
        -:   27:
        1:   28:    auto * dynamicVector = new DynamicVector<Movie>(10);
        1:   28-block  0
call    0 returned 1
call    1 returned 1
branch  2 taken 1 (fallthrough)
branch  3 taken 0 (throw)
    $$$$$:   28-block  1
call    4 never executed
        1:   29:    auto * repo = new Repository(dynamicVector);
        1:   29-block  0
call    0 returned 1
call    1 returned 1
branch  2 taken 1 (fallthrough)
branch  3 taken 0 (throw)
    $$$$$:   29-block  1
call    4 never executed
        1:   30:    repo->initialiseRepo();
        1:   30-block  0
call    0 returned 1
        1:   31:    auto * dynamicVector1 = new DynamicVector<Movie>(10);
call    0 returned 1
call    1 returned 1
branch  2 taken 1 (fallthrough)
branch  3 taken 0 (throw)
    $$$$$:   31-block  0
call    4 never executed
        1:   32:    auto *userRepo = new UserRepository(dynamicVector1);
        1:   32-block  0
call    0 returned 1
call    1 returned 1
branch  2 taken 1 (fallthrough)
branch  3 taken 0 (throw)
    $$$$$:   32-block  1
call    4 never executed
        -:   33:
        1:   34:    auto * service = new Service(repo);
        1:   34-block  0
call    0 returned 1
call    1 returned 1
branch  2 taken 1 (fallthrough)
branch  3 taken 0 (throw)
    $$$$$:   34-block  1
call    4 never executed
        1:   35:    auto * userService = new UserService(repo, userRepo);
        1:   35-block  0
call    0 returned 1
call    1 returned 1
branch  2 taken 1 (fallthrough)
branch  3 taken 0 (throw)
    $$$$$:   35-block  1
call    4 never executed
        1:   36:    auto * ui = new UI(service, userService);
        1:   36-block  0
call    0 returned 1
call    1 returned 1
branch  2 taken 1 (fallthrough)
branch  3 taken 0 (throw)
    $$$$$:   36-block  1
call    4 never executed
        -:   37:
        1:   38:    tests();
        1:   38-block  0
call    0 returned 1
        -:   39:
        1:   40:    ui->start();
call    0 returned 1
        -:   41:
        -:   42:
        1:   43:    return 0;
        -:   44:}
        -:   45:
