        -:    0:Source:C:/Users/Aurelian/Documents/GitHub/OOP/a5-6-913-Iancu-Gheorghe-Aurelian/service.cpp
        -:    0:Graph:C:\Users\Aurelian\Documents\GitHub\OOP\a5-6-913-Iancu-Gheorghe-Aurelian\cmake-build-debug-coverage\CMakeFiles\a5_6_913_Iancu_Gheorghe_Aurelian.dir\service.cpp.gcno
        -:    0:Data:C:\Users\Aurelian\Documents\GitHub\OOP\a5-6-913-Iancu-Gheorghe-Aurelian\cmake-build-debug-coverage\CMakeFiles\a5_6_913_Iancu_Gheorghe_Aurelian.dir\service.cpp.gcda
        -:    0:Runs:1
        -:    1:#include "service.h"
        -:    2:#include "movie.h"
        -:    3:#include <exception>
        -:    4:#include "repository.h"
        -:    5:
        -:    6:
function _ZN7ServiceC2EP10Repository called 2 returned 100% blocks executed 100%
        2:    7:Service::Service(Repository *repo) {
        2:    8:    this->repository = repo;
        -:    9:
        2:   10:}
        -:   11:
function _ZN7Service13getAllServiceEv called 22 returned 100% blocks executed 100%
       22:   12:Movie *Service::getAllService() {
       22:   13:    return this->repository->getRepo();
       22:   13-block  0
call    0 returned 22
        -:   14:}
        -:   15:
function _ZN7Service14getSizeServiceEv called 3 returned 100% blocks executed 100%
        3:   16:int Service::getSizeService() {
        3:   17:    return this->repository->getSize();
        3:   17-block  0
call    0 returned 3
        -:   18:}
        -:   19:
function _ZN7Service18getCapacityServiceEv called 2 returned 100% blocks executed 100%
        2:   20:int Service::getCapacityService() {
        2:   21:    return this->repository->getCapacity();
        2:   21-block  0
call    0 returned 2
        -:   22:}
        -:   23:
function _ZN7Service10addServiceERKNSt7__cxx1112basic_stringIcSt11char_traitsIcESaIcEEES7_iiS7_ called 2 returned 100% blocks executed 87%
        2:   24:int Service::addService(const std::string &title, const std::string &genre, int year, int numberOfLikes,const std::string &trailer) {
        -:   25:    int index;
        2:   26:    int length = this->repository->getSize();
        2:   26-block  0
call    0 returned 2
branch  1 taken 2 (fallthrough)
branch  2 taken 0 (throw)
       22:   27:    for(index = 0; index < length; index++)
        2:   27-block  0
       20:   27-block  1
       22:   27-block  2
branch  0 taken 21
branch  1 taken 1 (fallthrough)
        -:   28:    {
       21:   29:        std::string other_title = this->getAllService()[index].getTitle();
       21:   29-block  0
call    0 returned 21
branch  1 taken 21 (fallthrough)
branch  2 taken 0 (throw)
       21:   29-block  1
call    3 returned 21
branch  4 taken 21 (fallthrough)
branch  5 taken 0 (throw)
       21:   30:        if(other_title == title)
       21:   30-block  0
call    0 returned 21
branch  1 taken 1 (fallthrough)
branch  2 taken 20
        1:   31:            return 1;
        1:   31-block  0
       21:   32:    }
       20:   32-block  0
       21:   32-block  1
call    0 returned 21
branch  1 taken 20 (fallthrough)
branch  2 taken 1
        1:   33:    Movie m1 = Movie(title, genre, year, numberOfLikes, trailer);
        1:   33-block  0
call    0 returned 1
branch  1 taken 1 (fallthrough)
branch  2 taken 0 (throw)
        1:   34:    this->repository->addRepo(m1);
        1:   34-block  0
call    0 returned 1
branch  1 taken 1 (fallthrough)
branch  2 taken 0 (throw)
        1:   35:    return 0;
        1:   36:}
        1:   36-block  0
call    0 returned 1
    $$$$$:   36-block  1
call    1 never executed
        -:   37:
function _ZN7Service13removeServiceENSt7__cxx1112basic_stringIcSt11char_traitsIcESaIcEEE called 2 returned 100% blocks executed 100%
        2:   38:int Service::removeService(std::string title) {
        2:   39:    int delete_index = this->repository->findByTitle(title);
        2:   39-block  0
call    0 returned 2
        2:   40:    if(delete_index == -1)
branch  0 taken 1 (fallthrough)
branch  1 taken 1
        1:   41:        return 1;
        1:   41-block  0
        -:   42:    else
        -:   43:    {
        1:   44:        this->repository->removeRepo(delete_index);
        1:   44-block  0
call    0 returned 1
        1:   45:        return 0;
        -:   46:    }
        -:   47:}
        -:   48:
function _ZN7Service18findByTitleServiceERKNSt7__cxx1112basic_stringIcSt11char_traitsIcESaIcEEE called 0 returned 0% blocks executed 0%
    #####:   49:int Service::findByTitleService(const std::string& title)
        -:   50:{
    #####:   51:    int searchedIndex = repository->findByTitle(title);
    %%%%%:   51-block  0
call    0 never executed
    #####:   52:    return searchedIndex;
        -:   53:}
        -:   54:
function _ZN7Service13updateServiceENSt7__cxx1112basic_stringIcSt11char_traitsIcESaIcEEES5_S5_iiS5_ called 2 returned 100% blocks executed 86%
        2:   55:int Service::updateService(const std::string oldName,const std::string newName, const std::string newGenre, int newYear, int newNumberOfLikes, const std::string newTrailer)
        -:   56:{
        2:   57:    int update_index = this->repository->findByTitle(oldName);
        2:   57-block  0
call    0 returned 2
        2:   58:    if(update_index == -1)
branch  0 taken 1 (fallthrough)
branch  1 taken 1
        1:   59:        return 1;
        1:   59-block  0
        -:   60:    else
        -:   61:    {
        1:   62:        Movie newMovie;
        1:   62-block  0
call    0 returned 1
branch  1 taken 1 (fallthrough)
branch  2 taken 0 (throw)
        1:   63:        newMovie = Movie(newName, newGenre, newYear, newNumberOfLikes, newTrailer);
        1:   63-block  0
call    0 returned 1
branch  1 taken 1 (fallthrough)
branch  2 taken 0 (throw)
        1:   63-block  1
call    3 returned 1
call    4 returned 1
        1:   64:        this->repository->updateRepo(update_index, newMovie);
call    0 returned 1
branch  1 taken 1 (fallthrough)
branch  2 taken 0 (throw)
        1:   65:        return 0;
        1:   66:    }
        1:   66-block  0
call    0 returned 1
    $$$$$:   66-block  1
call    1 never executed
        -:   67:
        -:   68:}
        -:   69:
function _ZN7ServiceD2Ev called 1 returned 100% blocks executed 100%
        1:   70:Service::~Service() = default;
        -:   71:
        -:   72:
        -:   73:
        -:   74:
        -:   75:
        -:   76:
